2022-06-09T17:26:07.826-0600 INFO Item with ID 2 successfully added
2022-06-09T17:48:09.709-0600 INFO User name set with kayode
2022-06-09T17:48:09.711-0600 INFO Password not meeting requirement of 7 charskayode
2022-06-09T17:49:50.034-0600 INFO User name set with kayode
2022-06-09T17:49:50.035-0600 INFO Password not meeting requirement of 7 charskayode
2022-06-09T17:50:44.561-0600 INFO User name set with kayode
2022-06-09T17:50:44.639-0600 INFO Added user account for kayode
2022-06-11T09:30:54.827-0600 INFO Starting ECommerceApplication on Awes-Deskstop with PID 58008 (started by kayod in C:\Users\kayod\OneDrive\Desktop\Spring Academy\Java Development Nano Degree\eCommerce-Apllication\projects\P04-eCommerce Application)
2022-06-11T09:30:54.832-0600 DEBUG Running with Spring Boot v2.1.5.RELEASE, Spring v5.1.7.RELEASE
2022-06-11T09:30:54.834-0600 INFO No active profile set, falling back to default profiles: default
2022-06-11T09:30:57.660-0600 DEBUG Filter 'JWTAuthenticationVerificationFilter' configured for use
2022-06-11T09:31:13.122-0600 INFO Starting ECommerceApplication on Awes-Deskstop with PID 59508 (started by kayod in C:\Users\kayod\OneDrive\Desktop\Spring Academy\Java Development Nano Degree\eCommerce-Apllication\projects\P04-eCommerce Application)
2022-06-11T09:31:13.126-0600 DEBUG Running with Spring Boot v2.1.5.RELEASE, Spring v5.1.7.RELEASE
2022-06-11T09:31:13.127-0600 INFO No active profile set, falling back to default profiles: default
2022-06-11T09:31:15.475-0600 DEBUG Filter 'JWTAuthenticationVerificationFilter' configured for use
2022-06-11T09:31:33.722-0600 INFO Starting ECommerceApplication on Awes-Deskstop with PID 43024 (started by kayod in C:\Users\kayod\OneDrive\Desktop\Spring Academy\Java Development Nano Degree\eCommerce-Apllication\projects\P04-eCommerce Application)
2022-06-11T09:31:33.725-0600 DEBUG Running with Spring Boot v2.1.5.RELEASE, Spring v5.1.7.RELEASE
2022-06-11T09:31:33.726-0600 INFO No active profile set, falling back to default profiles: default
2022-06-11T09:31:36.034-0600 DEBUG Filter 'JWTAuthenticationVerificationFilter' configured for use
2022-06-11T09:32:06.036-0600 INFO Starting ECommerceApplication on Awes-Deskstop with PID 48260 (started by kayod in C:\Users\kayod\OneDrive\Desktop\Spring Academy\Java Development Nano Degree\eCommerce-Apllication\projects\P04-eCommerce Application)
2022-06-11T09:32:06.040-0600 DEBUG Running with Spring Boot v2.1.5.RELEASE, Spring v5.1.7.RELEASE
2022-06-11T09:32:06.041-0600 INFO No active profile set, falling back to default profiles: default
2022-06-11T09:32:08.456-0600 DEBUG Filter 'JWTAuthenticationVerificationFilter' configured for use
2022-06-11T09:32:29.431-0600 INFO Starting ECommerceApplication on Awes-Deskstop with PID 42364 (started by kayod in C:\Users\kayod\OneDrive\Desktop\Spring Academy\Java Development Nano Degree\eCommerce-Apllication\projects\P04-eCommerce Application)
2022-06-11T09:32:29.434-0600 DEBUG Running with Spring Boot v2.1.5.RELEASE, Spring v5.1.7.RELEASE
2022-06-11T09:32:29.435-0600 INFO No active profile set, falling back to default profiles: default
2022-06-11T09:32:31.740-0600 DEBUG Filter 'JWTAuthenticationVerificationFilter' configured for use
2022-06-11T09:36:17.284-0600 INFO Starting ECommerceApplication on Awes-Deskstop with PID 39472 (started by kayod in C:\Users\kayod\OneDrive\Desktop\Spring Academy\Java Development Nano Degree\eCommerce-Apllication\projects\P04-eCommerce Application)
2022-06-11T09:36:17.288-0600 DEBUG Running with Spring Boot v2.1.5.RELEASE, Spring v5.1.7.RELEASE
2022-06-11T09:36:17.288-0600 INFO No active profile set, falling back to default profiles: default
2022-06-11T09:36:19.916-0600 DEBUG Filter 'JWTAuthenticationVerificationFilter' configured for use
2022-06-11T09:36:20.636-0600 INFO Started ECommerceApplication in 3.536 seconds (JVM running for 4.343)
2022-06-11T09:36:39.155-0600 INFO Starting ECommerceApplication on Awes-Deskstop with PID 45392 (started by kayod in C:\Users\kayod\OneDrive\Desktop\Spring Academy\Java Development Nano Degree\eCommerce-Apllication\projects\P04-eCommerce Application)
2022-06-11T09:36:39.159-0600 DEBUG Running with Spring Boot v2.1.5.RELEASE, Spring v5.1.7.RELEASE
2022-06-11T09:36:39.160-0600 INFO No active profile set, falling back to default profiles: default
2022-06-11T09:36:41.382-0600 DEBUG Filter 'JWTAuthenticationVerificationFilter' configured for use
2022-06-11T09:37:41.061-0600 INFO Starting ECommerceApplication on Awes-Deskstop with PID 62064 (started by kayod in C:\Users\kayod\OneDrive\Desktop\Spring Academy\Java Development Nano Degree\eCommerce-Apllication\projects\P04-eCommerce Application)
2022-06-11T09:37:41.064-0600 DEBUG Running with Spring Boot v2.1.5.RELEASE, Spring v5.1.7.RELEASE
2022-06-11T09:37:41.065-0600 INFO No active profile set, falling back to default profiles: default
2022-06-11T09:37:43.360-0600 DEBUG Filter 'JWTAuthenticationVerificationFilter' configured for use
2022-06-11T09:37:44.079-0600 INFO Started ECommerceApplication in 3.196 seconds (JVM running for 3.857)
